1	0.00300002	start	
2	2.359	mouseDown	{button:1, clickCount:1, hotSpot:[190, 217.263158]}
3	2.506	mouseUp	{button:1, clickCount:1, hotSpot:[190, 217.263158]}
4	3.956	keyDown	{modifiers:0, string:@"a", theKey:@"a"}
5	4.101	keyDown	{modifiers:0, string:@"j", theKey:@"j"}
6	4.111	keyUp	{modifiers:0, string:@"a", theKey:@"a"}
7	4.178	keyUp	{modifiers:0, string:@"j", theKey:@"j"}
8	4.188	keyDown	{modifiers:0, string:@"e", theKey:@"e"}
9	4.261	keyDown	{modifiers:0, string:@"n", theKey:@"n"}
10	4.276	keyUp	{modifiers:0, string:@"e", theKey:@"e"}
11	4.389	keyDown	{modifiers:0, string:@"k", theKey:@"k"}
12	4.457	keyUp	{modifiers:0, string:@"n", theKey:@"n"}
13	4.499	keyUp	{modifiers:0, string:@"k", theKey:@"k"}
14	4.587	keyDown	{modifiers:0, string:@"i", theKey:@"i"}
15	4.682	keyDown	{modifiers:0, string:@"n", theKey:@"n"}
16	4.799	keyUp	{modifiers:0, string:@"i", theKey:@"i"}
17	4.862	keyDown	{modifiers:0, string:@"s", theKey:@"s"}
18	4.877	keyUp	{modifiers:0, string:@"n", theKey:@"n"}
19	4.987	keyUp	{modifiers:0, string:@"s", theKey:@"s"}
20	6.312	mouseDown	{button:1, clickCount:1, hotSpot:[193, 253.642105]}
21	6.402	mouseUp	{button:1, clickCount:1, hotSpot:[193, 253.642105]}
22	7.359	f	131072
23	7.559	keyDown	{modifiers:131072, string:@"A", theKey:@"a"}
24	7.647	f	0
25	7.649	mouseMoved	{hotSpot:[193, 253.642105]}
26	7.737	keyUp	{modifiers:0, string:@"a", theKey:@"a"}
27	7.879	keyDown	{modifiers:0, string:@"c", theKey:@"c"}
28	7.989	keyUp	{modifiers:0, string:@"c", theKey:@"c"}
29	8.057	keyDown	{modifiers:0, string:@"u", theKey:@"u"}
30	8.159	keyUp	{modifiers:0, string:@"u", theKey:@"u"}
31	8.259	keyDown	{modifiers:0, string:@"s", theKey:@"s"}
32	8.359	keyUp	{modifiers:0, string:@"s", theKey:@"s"}
33	8.372	keyDown	{modifiers:0, string:@"h", theKey:@"h"}
34	8.462	keyUp	{modifiers:0, string:@"h", theKey:@"h"}
35	8.654	keyDown	{modifiers:0, string:@"n", theKey:@"n"}
36	8.759	keyUp	{modifiers:0, string:@"n", theKey:@"n"}
37	8.769	keyDown	{modifiers:0, string:@"e", theKey:@"e"}
38	8.857	keyUp	{modifiers:0, string:@"e", theKey:@"e"}
39	9.057	keyDown	{modifiers:0, string:@"t", theKey:@"t"}
40	9.157	keyUp	{modifiers:0, string:@"t", theKey:@"t"}
41	9.387	f	131072
42	9.557	keyDown	{modifiers:131072, string:@"#", theKey:@"3"}
43	9.697	keyUp	{modifiers:131072, string:@"#", theKey:@"3"}
44	9.764	f	0
45	9.769	mouseMoved	{hotSpot:[193, 253.642105]}
46	9.854	keyDown	{modifiers:0, string:@"1", theKey:@"1"}
47	9.997	keyUp	{modifiers:0, string:@"1", theKey:@"1"}
48	12.659	mouseDown	{button:1, clickCount:1, hotSpot:[248, 285.978947]}
49	12.807	mouseUp	{button:1, clickCount:1, hotSpot:[248, 285.978947]}
50	15.365	mouseDown	{button:1, clickCount:1, hotSpot:[252, 447.663158]}
51	15.513	mouseUp	{button:1, clickCount:1, hotSpot:[252, 447.663158]}
52	17.085	mouseDown	{button:1, clickCount:1, hotSpot:[205, 331.452632]}
53	17.228	mouseUp	{button:1, clickCount:1, hotSpot:[205, 331.452632]}
54	20.853	mouseDown	{button:1, clickCount:1, hotSpot:[641, 446.652632]}
55	20.948	mouseUp	{button:1, clickCount:1, hotSpot:[641, 446.652632]}
56	22.461	mouseDown	{button:1, clickCount:1, hotSpot:[244, 251.621053]}
57	22.603	mouseUp	{button:1, clickCount:1, hotSpot:[244, 251.621053]}
58	23.458	f	131072
59	23.496	keyDown	{modifiers:131072, string:@"A", theKey:@"a"}
60	23.639	f	0
61	23.646	mouseMoved	{hotSpot:[244, 251.621053]}
62	23.739	keyUp	{modifiers:0, string:@"a", theKey:@"a"}
63	24.064	keyDown	{modifiers:0, string:@"j", theKey:@"j"}
64	24.184	keyUp	{modifiers:0, string:@"j", theKey:@"j"}
65	24.494	keyDown	{modifiers:0, string:@"\u007f", theKey:@"\u007f"}
66	24.574	keyUp	{modifiers:0, string:@"\u007f", theKey:@"\u007f"}
67	24.679	keyDown	{modifiers:0, string:@"\u007f", theKey:@"\u007f"}
68	24.759	keyUp	{modifiers:0, string:@"\u007f", theKey:@"\u007f"}
69	25.056	f	131072
70	25.156	f	0
71	25.164	mouseMoved	{hotSpot:[244, 251.621053]}
72	25.368	f	131072
73	25.556	keyDown	{modifiers:131072, string:@"A", theKey:@"a"}
74	25.696	f	0
75	25.703	mouseMoved	{hotSpot:[244, 251.621053]}
76	25.793	keyUp	{modifiers:0, string:@"a", theKey:@"a"}
77	25.933	keyDown	{modifiers:0, string:@"c", theKey:@"c"}
78	26.061	keyUp	{modifiers:0, string:@"c", theKey:@"c"}
79	26.073	keyDown	{modifiers:0, string:@"u", theKey:@"u"}
80	26.178	keyUp	{modifiers:0, string:@"u", theKey:@"u"}
81	26.26	keyDown	{modifiers:0, string:@"s", theKey:@"s"}
82	26.403	keyUp	{modifiers:0, string:@"s", theKey:@"s"}
83	26.468	keyDown	{modifiers:0, string:@"h", theKey:@"h"}
84	26.558	keyUp	{modifiers:0, string:@"h", theKey:@"h"}
85	26.755	keyDown	{modifiers:0, string:@"n", theKey:@"n"}
86	26.778	keyUp	{modifiers:0, string:@"n", theKey:@"n"}
87	26.793	keyDown	{modifiers:0, string:@"e", theKey:@"e"}
88	26.958	keyUp	{modifiers:0, string:@"e", theKey:@"e"}
89	27.09	keyDown	{modifiers:0, string:@"t", theKey:@"t"}
90	27.26	keyUp	{modifiers:0, string:@"t", theKey:@"t"}
91	27.46	f	131072
92	27.595	keyDown	{modifiers:131072, string:@"#", theKey:@"3"}
93	27.799	f	0
94	27.804	mouseMoved	{hotSpot:[244, 251.621053]}
95	27.894	keyUp	{modifiers:0, string:@"3", theKey:@"3"}
96	27.984	keyDown	{modifiers:0, string:@"1", theKey:@"1"}
97	28.107	keyUp	{modifiers:0, string:@"1", theKey:@"1"}
98	28.459	keyDown	{modifiers:0, string:@"\r", theKey:@"\r"}
99	28.582	keyUp	{modifiers:0, string:@"\r", theKey:@"\r"}
100	31.553	mouseDown	{button:1, clickCount:1, hotSpot:[646, 446.652632]}
101	31.656	mouseUp	{button:1, clickCount:1, hotSpot:[646, 446.652632]}
102	37.148	end	
